
*** Running vivado
    with args -log alu_fixed_point.vds -m64 -product Vivado -mode batch -messageDb vivado.pb -notrace -source alu_fixed_point.tcl


ECHO is off.
ECHO is off.

****** Vivado v2023.2 (64-bit)
  **** SW Build 4029153 on Fri Oct 13 20:14:34 MDT 2023
  **** IP Build 4028589 on Sat Oct 14 00:45:43 MDT 2023
  **** SharedData Build 4025554 on Tue Oct 10 17:18:54 MDT 2023
    ** Copyright 1986-2022 Xilinx, Inc. All Rights Reserved.
    ** Copyright 2022-2023 Advanced Micro Devices, Inc. All Rights Reserved.

source alu_fixed_point.tcl -notrace
create_project: Time (s): cpu = 00:00:05 ; elapsed = 00:00:06 . Memory (MB): peak = 461.707 ; gain = 183.105
Command: read_checkpoint -auto_incremental -incremental C:/Users/kiman/Code/ALU_FIXED_POINT/ALU_FIXED_POINT.srcs/utils_1/imports/synth_1/add32.dcp
INFO: [Vivado 12-5825] Read reference checkpoint from C:/Users/kiman/Code/ALU_FIXED_POINT/ALU_FIXED_POINT.srcs/utils_1/imports/synth_1/add32.dcp for incremental synthesis
INFO: [Vivado 12-7989] Please ensure there are no constraint changes
Command: synth_design -top alu_fixed_point -part xc7z010iclg225-1L
Starting synth_design
Attempting to get a license for feature 'Synthesis' and/or device 'xc7z010i'
INFO: [Common 17-349] Got license for feature 'Synthesis' and/or device 'xc7z010i'
INFO: [Synth 8-7079] Multithreading enabled for synth_design using a maximum of 2 processes.
INFO: [Synth 8-7078] Launching helper process for spawning children vivado processes
INFO: [Synth 8-7075] Helper process launched with PID 51788
---------------------------------------------------------------------------------
Starting Synthesize : Time (s): cpu = 00:00:03 ; elapsed = 00:00:04 . Memory (MB): peak = 912.801 ; gain = 439.258
---------------------------------------------------------------------------------
INFO: [Synth 8-6157] synthesizing module 'alu_fixed_point' [C:/Users/kiman/Code/ALU_FIXED_POINT/ALU_FIXED_POINT.srcs/sources_1/new/alu_fixed_point.sv:32]
INFO: [Synth 8-6157] synthesizing module 'algorithm' [C:/Users/kiman/Code/ALU_FIXED_POINT/ALU_FIXED_POINT.srcs/sources_1/new/algorithm.sv:29]
	Parameter N bound to: 32'sb00000000000000000000000000100000 
	Parameter F bound to: 32'sb00000000000000000000000000011111 
	Parameter SAT bound to: 1'b1 
	Parameter PIPE bound to: 32'sb00000000000000000000000000000010 
INFO: [Synth 8-6157] synthesizing module 'add32' [C:/Users/kiman/Code/ALU_FIXED_POINT/ALU_FIXED_POINT.srcs/sources_1/new/add32.sv:23]
	Parameter N bound to: 32'sb00000000000000000000000000100000 
	Parameter SAT bound to: 1'b1 
INFO: [Synth 8-6155] done synthesizing module 'add32' (0#1) [C:/Users/kiman/Code/ALU_FIXED_POINT/ALU_FIXED_POINT.srcs/sources_1/new/add32.sv:23]
INFO: [Synth 8-6157] synthesizing module 'sub32' [C:/Users/kiman/Code/ALU_FIXED_POINT/ALU_FIXED_POINT.srcs/sources_1/new/sub32.sv:23]
	Parameter N bound to: 32'sb00000000000000000000000000100000 
	Parameter SAT bound to: 1'b1 
INFO: [Synth 8-6155] done synthesizing module 'sub32' (0#1) [C:/Users/kiman/Code/ALU_FIXED_POINT/ALU_FIXED_POINT.srcs/sources_1/new/sub32.sv:23]
INFO: [Synth 8-6157] synthesizing module 'mul_unit' [C:/Users/kiman/Code/ALU_FIXED_POINT/ALU_FIXED_POINT.srcs/sources_1/new/mul_unit.sv:23]
	Parameter N bound to: 32'sb00000000000000000000000000100000 
	Parameter F bound to: 32'sb00000000000000000000000000011111 
	Parameter PIPE bound to: 32'sb00000000000000000000000000000010 
INFO: [Synth 8-6157] synthesizing module 'mul_core' [C:/Users/kiman/Code/ALU_FIXED_POINT/ALU_FIXED_POINT.srcs/sources_1/new/mul_core.sv:23]
	Parameter N bound to: 32'sb00000000000000000000000000100000 
INFO: [Synth 8-6155] done synthesizing module 'mul_core' (0#1) [C:/Users/kiman/Code/ALU_FIXED_POINT/ALU_FIXED_POINT.srcs/sources_1/new/mul_core.sv:23]
INFO: [Synth 8-6157] synthesizing module 'round_cut' [C:/Users/kiman/Code/ALU_FIXED_POINT/ALU_FIXED_POINT.srcs/sources_1/new/round_cut.sv:23]
	Parameter N bound to: 32'sb00000000000000000000000000100000 
	Parameter F bound to: 32'sb00000000000000000000000000011111 
	Parameter PIPE bound to: 32'sb00000000000000000000000000000010 
INFO: [Synth 8-6155] done synthesizing module 'round_cut' (0#1) [C:/Users/kiman/Code/ALU_FIXED_POINT/ALU_FIXED_POINT.srcs/sources_1/new/round_cut.sv:23]
INFO: [Synth 8-6155] done synthesizing module 'mul_unit' (0#1) [C:/Users/kiman/Code/ALU_FIXED_POINT/ALU_FIXED_POINT.srcs/sources_1/new/mul_unit.sv:23]
INFO: [Synth 8-6157] synthesizing module 'div_unit' [C:/Users/kiman/Code/ALU_FIXED_POINT/ALU_FIXED_POINT.srcs/sources_1/new/div_unit.sv:30]
	Parameter N bound to: 32'sb00000000000000000000000000100000 
	Parameter F bound to: 32'sb00000000000000000000000000011111 
INFO: [Synth 8-6155] done synthesizing module 'div_unit' (0#1) [C:/Users/kiman/Code/ALU_FIXED_POINT/ALU_FIXED_POINT.srcs/sources_1/new/div_unit.sv:30]
INFO: [Synth 8-294] found qualifier unique on case statement: implementing as parallel_case [C:/Users/kiman/Code/ALU_FIXED_POINT/ALU_FIXED_POINT.srcs/sources_1/new/algorithm.sv:108]
INFO: [Synth 8-6155] done synthesizing module 'algorithm' (0#1) [C:/Users/kiman/Code/ALU_FIXED_POINT/ALU_FIXED_POINT.srcs/sources_1/new/algorithm.sv:29]
INFO: [Synth 8-6157] synthesizing module 'shift_unit' [C:/Users/kiman/Code/ALU_FIXED_POINT/ALU_FIXED_POINT.srcs/sources_1/new/shift_unit.sv:28]
	Parameter N bound to: 32'sb00000000000000000000000000100000 
INFO: [Synth 8-6155] done synthesizing module 'shift_unit' (0#1) [C:/Users/kiman/Code/ALU_FIXED_POINT/ALU_FIXED_POINT.srcs/sources_1/new/shift_unit.sv:28]
INFO: [Synth 8-6157] synthesizing module 'logic_unit' [C:/Users/kiman/Code/ALU_FIXED_POINT/ALU_FIXED_POINT.srcs/sources_1/new/logic_unit.sv:30]
	Parameter N bound to: 32'sb00000000000000000000000000100000 
INFO: [Synth 8-294] found qualifier unique on case statement: implementing as parallel_case [C:/Users/kiman/Code/ALU_FIXED_POINT/ALU_FIXED_POINT.srcs/sources_1/new/logic_unit.sv:39]
INFO: [Synth 8-6155] done synthesizing module 'logic_unit' (0#1) [C:/Users/kiman/Code/ALU_FIXED_POINT/ALU_FIXED_POINT.srcs/sources_1/new/logic_unit.sv:30]
INFO: [Synth 8-6157] synthesizing module 'compare_unit' [C:/Users/kiman/Code/ALU_FIXED_POINT/ALU_FIXED_POINT.srcs/sources_1/new/compare_unit.sv:29]
	Parameter N bound to: 32'sb00000000000000000000000000100000 
INFO: [Synth 8-6155] done synthesizing module 'compare_unit' (0#1) [C:/Users/kiman/Code/ALU_FIXED_POINT/ALU_FIXED_POINT.srcs/sources_1/new/compare_unit.sv:29]
INFO: [Synth 8-6157] synthesizing module 'select_unit' [C:/Users/kiman/Code/ALU_FIXED_POINT/ALU_FIXED_POINT.srcs/sources_1/new/select_unit.sv:31]
	Parameter N bound to: 32'sb00000000000000000000000000100000 
INFO: [Synth 8-294] found qualifier unique on case statement: implementing as parallel_case [C:/Users/kiman/Code/ALU_FIXED_POINT/ALU_FIXED_POINT.srcs/sources_1/new/select_unit.sv:44]
INFO: [Synth 8-6155] done synthesizing module 'select_unit' (0#1) [C:/Users/kiman/Code/ALU_FIXED_POINT/ALU_FIXED_POINT.srcs/sources_1/new/select_unit.sv:31]
INFO: [Synth 8-6157] synthesizing module 'flag_unit' [C:/Users/kiman/Code/ALU_FIXED_POINT/ALU_FIXED_POINT.srcs/sources_1/new/flag_unit.sv:28]
	Parameter N bound to: 32'sb00000000000000000000000000100000 
INFO: [Synth 8-6155] done synthesizing module 'flag_unit' (0#1) [C:/Users/kiman/Code/ALU_FIXED_POINT/ALU_FIXED_POINT.srcs/sources_1/new/flag_unit.sv:28]
INFO: [Synth 8-6155] done synthesizing module 'alu_fixed_point' (0#1) [C:/Users/kiman/Code/ALU_FIXED_POINT/ALU_FIXED_POINT.srcs/sources_1/new/alu_fixed_point.sv:32]
---------------------------------------------------------------------------------
Finished Synthesize : Time (s): cpu = 00:00:04 ; elapsed = 00:00:05 . Memory (MB): peak = 1020.840 ; gain = 547.297
---------------------------------------------------------------------------------
---------------------------------------------------------------------------------
Finished Constraint Validation : Time (s): cpu = 00:00:04 ; elapsed = 00:00:06 . Memory (MB): peak = 1020.840 ; gain = 547.297
---------------------------------------------------------------------------------
---------------------------------------------------------------------------------
Start Loading Part and Timing Information
---------------------------------------------------------------------------------
Loading part: xc7z010iclg225-1L
---------------------------------------------------------------------------------
Finished Loading Part and Timing Information : Time (s): cpu = 00:00:04 ; elapsed = 00:00:06 . Memory (MB): peak = 1020.840 ; gain = 547.297
---------------------------------------------------------------------------------
INFO: [Device 21-403] Loading part xc7z010iclg225-1L
---------------------------------------------------------------------------------
Start Preparing Guide Design
---------------------------------------------------------------------------------
CRITICAL WARNING: [Synth 8-6895] The reference checkpoint C:/Users/kiman/Code/ALU_FIXED_POINT/ALU_FIXED_POINT.srcs/utils_1/imports/synth_1/add32.dcp is not suitable for use with incremental synthesis for this design. Please regenerate the checkpoint for this design with -incremental_synth switch in the same Vivado session that synth_design has been run. Synthesis will continue with the default flow
---------------------------------------------------------------------------------
Finished Doing Graph Differ : Time (s): cpu = 00:00:05 ; elapsed = 00:00:06 . Memory (MB): peak = 1020.840 ; gain = 547.297
---------------------------------------------------------------------------------
---------------------------------------------------------------------------------
Finished Preparing Guide Design : Time (s): cpu = 00:00:05 ; elapsed = 00:00:06 . Memory (MB): peak = 1020.840 ; gain = 547.297
---------------------------------------------------------------------------------
---------------------------------------------------------------------------------
Finished RTL Optimization Phase 2 : Time (s): cpu = 00:00:05 ; elapsed = 00:00:06 . Memory (MB): peak = 1020.840 ; gain = 547.297
---------------------------------------------------------------------------------


Incremental Synthesis Report Summary:

1. Incremental synthesis run: no

   Reason for not running incremental synthesis : 


INFO: [Synth 8-7130] Flow is switching to default flow due to incremental criteria not met. If you would like to alter this behaviour and have the flow terminate instead, please set the following parameter config_implementation {autoIncr.Synth.RejectBehavior Terminate}
No constraint files found.
---------------------------------------------------------------------------------
Start RTL Component Statistics 
---------------------------------------------------------------------------------
Detailed RTL Component Info : 
+---Adders : 
	   2 Input   64 Bit       Adders := 2     
	   2 Input   63 Bit       Adders := 1     
	   2 Input   33 Bit       Adders := 1     
	   3 Input   33 Bit       Adders := 1     
	   2 Input   32 Bit       Adders := 1     
+---XORs : 
	   2 Input     32 Bit         XORs := 1     
+---Registers : 
	               64 Bit    Registers := 1     
	               32 Bit    Registers := 2     
	                1 Bit    Registers := 1     
+---Multipliers : 
	              32x32  Multipliers := 1     
+---Muxes : 
	   2 Input   64 Bit        Muxes := 2     
	   3 Input   32 Bit        Muxes := 2     
	   2 Input   32 Bit        Muxes := 5     
	   4 Input   32 Bit        Muxes := 1     
	   5 Input   32 Bit        Muxes := 1     
	   7 Input   32 Bit        Muxes := 1     
	   7 Input    3 Bit        Muxes := 1     
	   4 Input    1 Bit        Muxes := 1     
	   2 Input    1 Bit        Muxes := 1     
---------------------------------------------------------------------------------
Finished RTL Component Statistics 
---------------------------------------------------------------------------------
---------------------------------------------------------------------------------
Start Part Resource Summary
---------------------------------------------------------------------------------
Part Resources:
DSPs: 80 (col length:40)
BRAMs: 120 (col length: RAMB18 40 RAMB36 20)
---------------------------------------------------------------------------------
Finished Part Resource Summary
---------------------------------------------------------------------------------
No constraint files found.
---------------------------------------------------------------------------------
Start Cross Boundary and Area Optimization
---------------------------------------------------------------------------------
WARNING: [Synth 8-7080] Parallel synthesis criteria is not met
DSP Report: Generating DSP u_algorithm/u_mul/u_core/p0, operation Mode is: A*B.
DSP Report: operator u_algorithm/u_mul/u_core/p0 is absorbed into DSP u_algorithm/u_mul/u_core/p0.
DSP Report: operator u_algorithm/u_mul/u_core/p0 is absorbed into DSP u_algorithm/u_mul/u_core/p0.
DSP Report: Generating DSP u_algorithm/u_mul/u_core/p0, operation Mode is: (PCIN>>17)+A*B.
DSP Report: operator u_algorithm/u_mul/u_core/p0 is absorbed into DSP u_algorithm/u_mul/u_core/p0.
DSP Report: operator u_algorithm/u_mul/u_core/p0 is absorbed into DSP u_algorithm/u_mul/u_core/p0.
DSP Report: Generating DSP u_algorithm/u_mul/u_core/p0, operation Mode is: A*B.
DSP Report: operator u_algorithm/u_mul/u_core/p0 is absorbed into DSP u_algorithm/u_mul/u_core/p0.
DSP Report: operator u_algorithm/u_mul/u_core/p0 is absorbed into DSP u_algorithm/u_mul/u_core/p0.
DSP Report: Generating DSP u_algorithm/u_mul/u_core/p0, operation Mode is: (PCIN>>17)+A*B.
DSP Report: operator u_algorithm/u_mul/u_core/p0 is absorbed into DSP u_algorithm/u_mul/u_core/p0.
DSP Report: operator u_algorithm/u_mul/u_core/p0 is absorbed into DSP u_algorithm/u_mul/u_core/p0.
WARNING: [Synth 8-3332] Sequential element (u_algorithm/u_mul/u_core/p_reg[47]) is unused and will be removed from module alu_fixed_point.
WARNING: [Synth 8-3332] Sequential element (u_algorithm/u_mul/u_core/p_reg[46]) is unused and will be removed from module alu_fixed_point.
WARNING: [Synth 8-3332] Sequential element (u_algorithm/u_mul/u_core/p_reg[45]) is unused and will be removed from module alu_fixed_point.
WARNING: [Synth 8-3332] Sequential element (u_algorithm/u_mul/u_core/p_reg[44]) is unused and will be removed from module alu_fixed_point.
WARNING: [Synth 8-3332] Sequential element (u_algorithm/u_mul/u_core/p_reg[43]) is unused and will be removed from module alu_fixed_point.
WARNING: [Synth 8-3332] Sequential element (u_algorithm/u_mul/u_core/p_reg[42]) is unused and will be removed from module alu_fixed_point.
WARNING: [Synth 8-3332] Sequential element (u_algorithm/u_mul/u_core/p_reg[41]) is unused and will be removed from module alu_fixed_point.
WARNING: [Synth 8-3332] Sequential element (u_algorithm/u_mul/u_core/p_reg[40]) is unused and will be removed from module alu_fixed_point.
WARNING: [Synth 8-3332] Sequential element (u_algorithm/u_mul/u_core/p_reg[39]) is unused and will be removed from module alu_fixed_point.
WARNING: [Synth 8-3332] Sequential element (u_algorithm/u_mul/u_core/p_reg[38]) is unused and will be removed from module alu_fixed_point.
WARNING: [Synth 8-3332] Sequential element (u_algorithm/u_mul/u_core/p_reg[37]) is unused and will be removed from module alu_fixed_point.
WARNING: [Synth 8-3332] Sequential element (u_algorithm/u_mul/u_core/p_reg[36]) is unused and will be removed from module alu_fixed_point.
WARNING: [Synth 8-3332] Sequential element (u_algorithm/u_mul/u_core/p_reg[35]) is unused and will be removed from module alu_fixed_point.
WARNING: [Synth 8-3332] Sequential element (u_algorithm/u_mul/u_core/p_reg[34]) is unused and will be removed from module alu_fixed_point.
WARNING: [Synth 8-3332] Sequential element (u_algorithm/u_mul/u_core/p_reg[33]) is unused and will be removed from module alu_fixed_point.
WARNING: [Synth 8-3332] Sequential element (u_algorithm/u_mul/u_core/p_reg[32]) is unused and will be removed from module alu_fixed_point.
WARNING: [Synth 8-3332] Sequential element (u_algorithm/u_mul/u_core/p_reg[31]) is unused and will be removed from module alu_fixed_point.
WARNING: [Synth 8-3332] Sequential element (u_algorithm/u_mul/u_core/p_reg[30]) is unused and will be removed from module alu_fixed_point.
WARNING: [Synth 8-3332] Sequential element (u_algorithm/u_mul/u_core/p_reg[29]) is unused and will be removed from module alu_fixed_point.
WARNING: [Synth 8-3332] Sequential element (u_algorithm/u_mul/u_core/p_reg[28]) is unused and will be removed from module alu_fixed_point.
WARNING: [Synth 8-3332] Sequential element (u_algorithm/u_mul/u_core/p_reg[27]) is unused and will be removed from module alu_fixed_point.
WARNING: [Synth 8-3332] Sequential element (u_algorithm/u_mul/u_core/p_reg[26]) is unused and will be removed from module alu_fixed_point.
WARNING: [Synth 8-3332] Sequential element (u_algorithm/u_mul/u_core/p_reg[25]) is unused and will be removed from module alu_fixed_point.
WARNING: [Synth 8-3332] Sequential element (u_algorithm/u_mul/u_core/p_reg[24]) is unused and will be removed from module alu_fixed_point.
WARNING: [Synth 8-3332] Sequential element (u_algorithm/u_mul/u_core/p_reg[23]) is unused and will be removed from module alu_fixed_point.
WARNING: [Synth 8-3332] Sequential element (u_algorithm/u_mul/u_core/p_reg[22]) is unused and will be removed from module alu_fixed_point.
WARNING: [Synth 8-3332] Sequential element (u_algorithm/u_mul/u_core/p_reg[21]) is unused and will be removed from module alu_fixed_point.
WARNING: [Synth 8-3332] Sequential element (u_algorithm/u_mul/u_core/p_reg[20]) is unused and will be removed from module alu_fixed_point.
WARNING: [Synth 8-3332] Sequential element (u_algorithm/u_mul/u_core/p_reg[19]) is unused and will be removed from module alu_fixed_point.
WARNING: [Synth 8-3332] Sequential element (u_algorithm/u_mul/u_core/p_reg[18]) is unused and will be removed from module alu_fixed_point.
WARNING: [Synth 8-3332] Sequential element (u_algorithm/u_mul/u_core/p_reg[17]) is unused and will be removed from module alu_fixed_point.
WARNING: [Synth 8-3332] Sequential element (u_algorithm/u_mul/u_core/p_reg[47]__0) is unused and will be removed from module alu_fixed_point.
WARNING: [Synth 8-3332] Sequential element (u_algorithm/u_mul/u_core/p_reg[46]__0) is unused and will be removed from module alu_fixed_point.
WARNING: [Synth 8-3332] Sequential element (u_algorithm/u_mul/u_core/p_reg[45]__0) is unused and will be removed from module alu_fixed_point.
WARNING: [Synth 8-3332] Sequential element (u_algorithm/u_mul/u_core/p_reg[44]__0) is unused and will be removed from module alu_fixed_point.
WARNING: [Synth 8-3332] Sequential element (u_algorithm/u_mul/u_core/p_reg[43]__0) is unused and will be removed from module alu_fixed_point.
WARNING: [Synth 8-3332] Sequential element (u_algorithm/u_mul/u_core/p_reg[42]__0) is unused and will be removed from module alu_fixed_point.
WARNING: [Synth 8-3332] Sequential element (u_algorithm/u_mul/u_core/p_reg[41]__0) is unused and will be removed from module alu_fixed_point.
WARNING: [Synth 8-3332] Sequential element (u_algorithm/u_mul/u_core/p_reg[40]__0) is unused and will be removed from module alu_fixed_point.
WARNING: [Synth 8-3332] Sequential element (u_algorithm/u_mul/u_core/p_reg[39]__0) is unused and will be removed from module alu_fixed_point.
WARNING: [Synth 8-3332] Sequential element (u_algorithm/u_mul/u_core/p_reg[38]__0) is unused and will be removed from module alu_fixed_point.
WARNING: [Synth 8-3332] Sequential element (u_algorithm/u_mul/u_core/p_reg[37]__0) is unused and will be removed from module alu_fixed_point.
WARNING: [Synth 8-3332] Sequential element (u_algorithm/u_mul/u_core/p_reg[36]__0) is unused and will be removed from module alu_fixed_point.
WARNING: [Synth 8-3332] Sequential element (u_algorithm/u_mul/u_core/p_reg[35]__0) is unused and will be removed from module alu_fixed_point.
WARNING: [Synth 8-3332] Sequential element (u_algorithm/u_mul/u_core/p_reg[34]__0) is unused and will be removed from module alu_fixed_point.
WARNING: [Synth 8-3332] Sequential element (u_algorithm/u_mul/u_core/p_reg[33]__0) is unused and will be removed from module alu_fixed_point.
WARNING: [Synth 8-3332] Sequential element (u_algorithm/u_mul/u_core/p_reg[32]__0) is unused and will be removed from module alu_fixed_point.
WARNING: [Synth 8-3332] Sequential element (u_algorithm/u_mul/u_core/p_reg[31]__0) is unused and will be removed from module alu_fixed_point.
WARNING: [Synth 8-3332] Sequential element (u_algorithm/u_mul/u_core/p_reg[30]__0) is unused and will be removed from module alu_fixed_point.
WARNING: [Synth 8-3332] Sequential element (u_algorithm/u_mul/u_core/p_reg[47]__1) is unused and will be removed from module alu_fixed_point.
WARNING: [Synth 8-3332] Sequential element (u_algorithm/u_mul/u_core/p_reg[46]__1) is unused and will be removed from module alu_fixed_point.
WARNING: [Synth 8-3332] Sequential element (u_algorithm/u_mul/u_core/p_reg[45]__1) is unused and will be removed from module alu_fixed_point.
WARNING: [Synth 8-3332] Sequential element (u_algorithm/u_mul/u_core/p_reg[44]__1) is unused and will be removed from module alu_fixed_point.
WARNING: [Synth 8-3332] Sequential element (u_algorithm/u_mul/u_core/p_reg[43]__1) is unused and will be removed from module alu_fixed_point.
WARNING: [Synth 8-3332] Sequential element (u_algorithm/u_mul/u_core/p_reg[42]__1) is unused and will be removed from module alu_fixed_point.
WARNING: [Synth 8-3332] Sequential element (u_algorithm/u_mul/u_core/p_reg[41]__1) is unused and will be removed from module alu_fixed_point.
WARNING: [Synth 8-3332] Sequential element (u_algorithm/u_mul/u_core/p_reg[40]__1) is unused and will be removed from module alu_fixed_point.
WARNING: [Synth 8-3332] Sequential element (u_algorithm/u_mul/u_core/p_reg[39]__1) is unused and will be removed from module alu_fixed_point.
WARNING: [Synth 8-3332] Sequential element (u_algorithm/u_mul/u_core/p_reg[38]__1) is unused and will be removed from module alu_fixed_point.
WARNING: [Synth 8-3332] Sequential element (u_algorithm/u_mul/u_core/p_reg[37]__1) is unused and will be removed from module alu_fixed_point.
WARNING: [Synth 8-3332] Sequential element (u_algorithm/u_mul/u_core/p_reg[36]__1) is unused and will be removed from module alu_fixed_point.
WARNING: [Synth 8-3332] Sequential element (u_algorithm/u_mul/u_core/p_reg[35]__1) is unused and will be removed from module alu_fixed_point.
WARNING: [Synth 8-3332] Sequential element (u_algorithm/u_mul/u_core/p_reg[34]__1) is unused and will be removed from module alu_fixed_point.
WARNING: [Synth 8-3332] Sequential element (u_algorithm/u_mul/u_core/p_reg[33]__1) is unused and will be removed from module alu_fixed_point.
WARNING: [Synth 8-3332] Sequential element (u_algorithm/u_mul/u_core/p_reg[32]__1) is unused and will be removed from module alu_fixed_point.
WARNING: [Synth 8-3332] Sequential element (u_algorithm/u_mul/u_core/p_reg[31]__1) is unused and will be removed from module alu_fixed_point.
WARNING: [Synth 8-3332] Sequential element (u_algorithm/u_mul/u_core/p_reg[30]__1) is unused and will be removed from module alu_fixed_point.
WARNING: [Synth 8-3332] Sequential element (u_algorithm/u_mul/u_core/p_reg[29]__1) is unused and will be removed from module alu_fixed_point.
WARNING: [Synth 8-3332] Sequential element (u_algorithm/u_mul/u_core/p_reg[28]__1) is unused and will be removed from module alu_fixed_point.
WARNING: [Synth 8-3332] Sequential element (u_algorithm/u_mul/u_core/p_reg[27]__1) is unused and will be removed from module alu_fixed_point.
WARNING: [Synth 8-3332] Sequential element (u_algorithm/u_mul/u_core/p_reg[26]__1) is unused and will be removed from module alu_fixed_point.
WARNING: [Synth 8-3332] Sequential element (u_algorithm/u_mul/u_core/p_reg[25]__1) is unused and will be removed from module alu_fixed_point.
WARNING: [Synth 8-3332] Sequential element (u_algorithm/u_mul/u_core/p_reg[24]__1) is unused and will be removed from module alu_fixed_point.
WARNING: [Synth 8-3332] Sequential element (u_algorithm/u_mul/u_core/p_reg[23]__1) is unused and will be removed from module alu_fixed_point.
WARNING: [Synth 8-3332] Sequential element (u_algorithm/u_mul/u_core/p_reg[22]__1) is unused and will be removed from module alu_fixed_point.
WARNING: [Synth 8-3332] Sequential element (u_algorithm/u_mul/u_core/p_reg[21]__1) is unused and will be removed from module alu_fixed_point.
WARNING: [Synth 8-3332] Sequential element (u_algorithm/u_mul/u_core/p_reg[20]__1) is unused and will be removed from module alu_fixed_point.
WARNING: [Synth 8-3332] Sequential element (u_algorithm/u_mul/u_core/p_reg[19]__1) is unused and will be removed from module alu_fixed_point.
WARNING: [Synth 8-3332] Sequential element (u_algorithm/u_mul/u_core/p_reg[18]__1) is unused and will be removed from module alu_fixed_point.
WARNING: [Synth 8-3332] Sequential element (u_algorithm/u_mul/u_core/p_reg[17]__1) is unused and will be removed from module alu_fixed_point.
WARNING: [Synth 8-3332] Sequential element (u_algorithm/u_mul/u_core/p_reg[15]__1) is unused and will be removed from module alu_fixed_point.
WARNING: [Synth 8-3332] Sequential element (u_algorithm/u_mul/u_core/p_reg[14]__1) is unused and will be removed from module alu_fixed_point.
WARNING: [Synth 8-3332] Sequential element (u_algorithm/u_mul/u_core/p_reg[13]__1) is unused and will be removed from module alu_fixed_point.
WARNING: [Synth 8-3332] Sequential element (u_algorithm/u_mul/u_core/p_reg[12]__1) is unused and will be removed from module alu_fixed_point.
WARNING: [Synth 8-3332] Sequential element (u_algorithm/u_mul/u_core/p_reg[11]__1) is unused and will be removed from module alu_fixed_point.
WARNING: [Synth 8-3332] Sequential element (u_algorithm/u_mul/u_core/p_reg[10]__1) is unused and will be removed from module alu_fixed_point.
WARNING: [Synth 8-3332] Sequential element (u_algorithm/u_mul/u_core/p_reg[9]__1) is unused and will be removed from module alu_fixed_point.
WARNING: [Synth 8-3332] Sequential element (u_algorithm/u_mul/u_core/p_reg[8]__1) is unused and will be removed from module alu_fixed_point.
WARNING: [Synth 8-3332] Sequential element (u_algorithm/u_mul/u_core/p_reg[7]__1) is unused and will be removed from module alu_fixed_point.
WARNING: [Synth 8-3332] Sequential element (u_algorithm/u_mul/u_core/p_reg[6]__1) is unused and will be removed from module alu_fixed_point.
WARNING: [Synth 8-3332] Sequential element (u_algorithm/u_mul/u_core/p_reg[5]__1) is unused and will be removed from module alu_fixed_point.
WARNING: [Synth 8-3332] Sequential element (u_algorithm/u_mul/u_core/p_reg[4]__1) is unused and will be removed from module alu_fixed_point.
WARNING: [Synth 8-3332] Sequential element (u_algorithm/u_mul/u_core/p_reg[3]__1) is unused and will be removed from module alu_fixed_point.
WARNING: [Synth 8-3332] Sequential element (u_algorithm/u_mul/u_core/p_reg[2]__1) is unused and will be removed from module alu_fixed_point.
WARNING: [Synth 8-3332] Sequential element (u_algorithm/u_mul/u_core/p_reg[1]__1) is unused and will be removed from module alu_fixed_point.
WARNING: [Synth 8-3332] Sequential element (u_algorithm/u_mul/u_core/p_reg[0]__1) is unused and will be removed from module alu_fixed_point.
WARNING: [Synth 8-3332] Sequential element (u_algorithm/u_mul/u_core/p_reg[47]__2) is unused and will be removed from module alu_fixed_point.
---------------------------------------------------------------------------------
Finished Cross Boundary and Area Optimization : Time (s): cpu = 00:00:35 ; elapsed = 00:01:05 . Memory (MB): peak = 1271.098 ; gain = 797.555
---------------------------------------------------------------------------------
 Sort Area is  u_algorithm/u_mul/u_core/p0_0 : 0 0 : 2701 4864 : Used 1 time 100
 Sort Area is  u_algorithm/u_mul/u_core/p0_0 : 0 1 : 2163 4864 : Used 1 time 100
 Sort Area is  u_algorithm/u_mul/u_core/p0_3 : 0 0 : 2158 4014 : Used 1 time 100
 Sort Area is  u_algorithm/u_mul/u_core/p0_3 : 0 1 : 1856 4014 : Used 1 time 100
---------------------------------------------------------------------------------
Start ROM, RAM, DSP, Shift Register and Retiming Reporting
---------------------------------------------------------------------------------

DSP: Preliminary Mapping Report (see note below. The ' indicates corresponding REG is set)
+----------------+----------------+--------+--------+--------+--------+--------+------+------+------+------+-------+------+------+
|Module Name     | DSP Mapping    | A Size | B Size | C Size | D Size | P Size | AREG | BREG | CREG | DREG | ADREG | MREG | PREG | 
+----------------+----------------+--------+--------+--------+--------+--------+------+------+------+------+-------+------+------+
|alu_fixed_point | A*B            | 18     | 15     | -      | -      | 48     | 0    | 0    | -    | -    | -     | 0    | 0    | 
|alu_fixed_point | (PCIN>>17)+A*B | 15     | 15     | -      | -      | 48     | 0    | 0    | -    | -    | -     | 0    | 0    | 
|alu_fixed_point | A*B            | 18     | 18     | -      | -      | 48     | 0    | 0    | -    | -    | -     | 0    | 0    | 
|alu_fixed_point | (PCIN>>17)+A*B | 18     | 15     | -      | -      | 48     | 0    | 0    | -    | -    | -     | 0    | 0    | 
+----------------+----------------+--------+--------+--------+--------+--------+------+------+------+------+-------+------+------+

Note: The table above is a preliminary report that shows the DSPs inferred at the current stage of the synthesis flow. Some DSP may be reimplemented as non DSP primitives later in the synthesis flow. Multiple instantiated DSPs are reported only once.
---------------------------------------------------------------------------------
Finished ROM, RAM, DSP, Shift Register and Retiming Reporting
---------------------------------------------------------------------------------
No constraint files found.
---------------------------------------------------------------------------------
Start Timing Optimization
---------------------------------------------------------------------------------
---------------------------------------------------------------------------------
Finished Timing Optimization : Time (s): cpu = 00:00:36 ; elapsed = 00:01:06 . Memory (MB): peak = 1271.098 ; gain = 797.555
---------------------------------------------------------------------------------
---------------------------------------------------------------------------------
Start Technology Mapping
---------------------------------------------------------------------------------
---------------------------------------------------------------------------------
Finished Technology Mapping : Time (s): cpu = 00:00:39 ; elapsed = 00:01:09 . Memory (MB): peak = 1271.098 ; gain = 797.555
---------------------------------------------------------------------------------
---------------------------------------------------------------------------------
Start IO Insertion
---------------------------------------------------------------------------------
---------------------------------------------------------------------------------
Start Flattening Before IO Insertion
---------------------------------------------------------------------------------
---------------------------------------------------------------------------------
Finished Flattening Before IO Insertion
---------------------------------------------------------------------------------
---------------------------------------------------------------------------------
Start Final Netlist Cleanup
---------------------------------------------------------------------------------
---------------------------------------------------------------------------------
Finished Final Netlist Cleanup
---------------------------------------------------------------------------------
---------------------------------------------------------------------------------
Finished IO Insertion : Time (s): cpu = 00:00:52 ; elapsed = 00:01:23 . Memory (MB): peak = 1271.098 ; gain = 797.555
---------------------------------------------------------------------------------
---------------------------------------------------------------------------------
Start Renaming Generated Instances
---------------------------------------------------------------------------------
---------------------------------------------------------------------------------
Finished Renaming Generated Instances : Time (s): cpu = 00:00:52 ; elapsed = 00:01:23 . Memory (MB): peak = 1271.098 ; gain = 797.555
---------------------------------------------------------------------------------
---------------------------------------------------------------------------------
Start Rebuilding User Hierarchy
---------------------------------------------------------------------------------
---------------------------------------------------------------------------------
Finished Rebuilding User Hierarchy : Time (s): cpu = 00:00:53 ; elapsed = 00:01:23 . Memory (MB): peak = 1271.098 ; gain = 797.555
---------------------------------------------------------------------------------
---------------------------------------------------------------------------------
Start Renaming Generated Ports
---------------------------------------------------------------------------------
---------------------------------------------------------------------------------
Finished Renaming Generated Ports : Time (s): cpu = 00:00:53 ; elapsed = 00:01:23 . Memory (MB): peak = 1271.098 ; gain = 797.555
---------------------------------------------------------------------------------
---------------------------------------------------------------------------------
Start Handling Custom Attributes
---------------------------------------------------------------------------------
---------------------------------------------------------------------------------
Finished Handling Custom Attributes : Time (s): cpu = 00:00:53 ; elapsed = 00:01:24 . Memory (MB): peak = 1271.098 ; gain = 797.555
---------------------------------------------------------------------------------
---------------------------------------------------------------------------------
Start Renaming Generated Nets
---------------------------------------------------------------------------------
---------------------------------------------------------------------------------
Finished Renaming Generated Nets : Time (s): cpu = 00:00:53 ; elapsed = 00:01:24 . Memory (MB): peak = 1271.098 ; gain = 797.555
---------------------------------------------------------------------------------
---------------------------------------------------------------------------------
Start Writing Synthesis Report
---------------------------------------------------------------------------------

DSP Final Report (the ' indicates corresponding REG is set)
+----------------+-----------------+--------+--------+--------+--------+--------+------+------+------+------+-------+------+------+
|Module Name     | DSP Mapping     | A Size | B Size | C Size | D Size | P Size | AREG | BREG | CREG | DREG | ADREG | MREG | PREG | 
+----------------+-----------------+--------+--------+--------+--------+--------+------+------+------+------+-------+------+------+
|alu_fixed_point | A*B             | 17     | 18     | -      | -      | 48     | 0    | 0    | -    | -    | -     | 0    | 0    | 
|alu_fixed_point | (PCIN>>17+A*B)' | 30     | 18     | -      | -      | 48     | 0    | 0    | -    | -    | -     | 0    | 1    | 
|alu_fixed_point | A*B             | 17     | 17     | -      | -      | 48     | 0    | 0    | -    | -    | -     | 0    | 0    | 
|alu_fixed_point | (PCIN>>17+A*B)' | 17     | 18     | -      | -      | 48     | 0    | 0    | -    | -    | -     | 0    | 1    | 
+----------------+-----------------+--------+--------+--------+--------+--------+------+------+------+------+-------+------+------+


Report BlackBoxes: 
+-+--------------+----------+
| |BlackBox name |Instances |
+-+--------------+----------+
+-+--------------+----------+

Report Cell Usage: 
+------+--------+------+
|      |Cell    |Count |
+------+--------+------+
|1     |BUFG    |     1|
|2     |CARRY4  |  1163|
|3     |DSP48E1 |     4|
|4     |LUT1    |   101|
|5     |LUT2    |   343|
|6     |LUT3    |   172|
|7     |LUT4    |  2159|
|8     |LUT5    |  1997|
|9     |LUT6    |   274|
|10    |FDCE    |    84|
|11    |IBUF    |    71|
|12    |OBUF    |    35|
+------+--------+------+

Report Instance Areas: 
+------+--------------+-------------+------+
|      |Instance      |Module       |Cells |
+------+--------------+-------------+------+
|1     |top           |             |  6404|
|2     |  u_algorithm |algorithm    |  6198|
|3     |    u_add     |add32        |   330|
|4     |    u_div     |div_unit     |  5583|
|5     |    u_mul     |mul_unit     |   202|
|6     |      u_core  |mul_core     |   170|
|7     |      u_rc    |round_cut    |    32|
|8     |    u_sub     |sub32        |    83|
|9     |  u_cmp       |compare_unit |    98|
+------+--------------+-------------+------+
---------------------------------------------------------------------------------
Finished Writing Synthesis Report : Time (s): cpu = 00:00:53 ; elapsed = 00:01:24 . Memory (MB): peak = 1271.098 ; gain = 797.555
---------------------------------------------------------------------------------
Synthesis finished with 0 errors, 1 critical warnings and 98 warnings.
Synthesis Optimization Runtime : Time (s): cpu = 00:00:53 ; elapsed = 00:01:24 . Memory (MB): peak = 1271.098 ; gain = 797.555
Synthesis Optimization Complete : Time (s): cpu = 00:00:53 ; elapsed = 00:01:24 . Memory (MB): peak = 1271.098 ; gain = 797.555
INFO: [Project 1-571] Translating synthesized netlist
Netlist sorting complete. Time (s): cpu = 00:00:00 ; elapsed = 00:00:00.138 . Memory (MB): peak = 1271.098 ; gain = 0.000
INFO: [Netlist 29-17] Analyzing 1167 Unisim elements for replacement
INFO: [Netlist 29-28] Unisim Transformation completed in 0 CPU seconds
WARNING: [Netlist 29-101] Netlist 'alu_fixed_point' is not ideal for floorplanning, since the cellview 'div_unit' contains a large number of primitives.  Please consider enabling hierarchy in synthesis if you want to do floorplanning.
INFO: [Project 1-570] Preparing netlist for logic optimization
INFO: [Opt 31-138] Pushed 0 inverter(s) to 0 load pin(s).
Netlist sorting complete. Time (s): cpu = 00:00:00 ; elapsed = 00:00:00.003 . Memory (MB): peak = 1332.629 ; gain = 0.000
INFO: [Project 1-111] Unisim Transformation Summary:
No Unisim elements were transformed.

The system cannot find the path specified.
Synth Design complete | Checksum: 9d400ce4
INFO: [Common 17-83] Releasing license: Synthesis
44 Infos, 99 Warnings, 1 Critical Warnings and 0 Errors encountered.
synth_design completed successfully
synth_design: Time (s): cpu = 00:01:00 ; elapsed = 00:01:32 . Memory (MB): peak = 1332.629 ; gain = 867.957
INFO: [runtcl-6] Synthesis results are not added to the cache due to CRITICAL_WARNING
Write ShapeDB Complete: Time (s): cpu = 00:00:00 ; elapsed = 00:00:00.063 . Memory (MB): peak = 1332.629 ; gain = 0.000
INFO: [Common 17-1381] The checkpoint 'C:/Users/kiman/Code/ALU_FIXED_POINT/ALU_FIXED_POINT.runs/synth_1/alu_fixed_point.dcp' has been generated.
INFO: [runtcl-4] Executing : report_utilization -file alu_fixed_point_utilization_synth.rpt -pb alu_fixed_point_utilization_synth.pb
INFO: [Common 17-206] Exiting Vivado at Fri Dec 26 18:23:27 2025...
