Vivado Simulator v2023.2
Copyright 1986-2022 Xilinx, Inc. All Rights Reserved.
Copyright 2022-2023 Advanced Micro Devices, Inc. All Rights Reserved.
Running: C:/user/kiman/Xilinx/Vivado/2023.2/bin/unwrapped/win64.o/xelab.exe --incr --debug typical --relax --mt 2 -L xil_defaultlib -L uvm -L unisims_ver -L unimacro_ver -L secureip --snapshot tb_alu_fixed_point_behav xil_defaultlib.tb_alu_fixed_point xil_defaultlib.glbl -log elaborate.log 
Using 2 slave threads.
Starting static elaboration
Pass Through NonSizing Optimizer
Completed static elaboration
Starting simulation data flow analysis
Completed simulation data flow analysis
Time Resolution for simulation is 1ps
Compiling module xil_defaultlib.add32(SAT=1'b1)
Compiling module xil_defaultlib.sub32(SAT=1'b1)
Compiling module xil_defaultlib.shift_unit
Compiling module xil_defaultlib.logic_unit
Compiling module xil_defaultlib.compare_unit
Compiling module xil_defaultlib.mul_core
Compiling module xil_defaultlib.round_cut_default
Compiling module xil_defaultlib.mul_unit
Compiling module xil_defaultlib.div_unit_default
Compiling module xil_defaultlib.algorithm(SAT=1'b1)
Compiling module xil_defaultlib.alu_fixed_point
Compiling module xil_defaultlib.tb_alu_fixed_point
Compiling module xil_defaultlib.glbl
Built simulation snapshot tb_alu_fixed_point_behav
